Tue, 23 Jan 2024 12:34:24 GMT

Method : GET
Route : /api/vacations/b6b24478-5d31-4131-be42-2c53a5390340.jpeg
----------------------------------------------------------------------------------------------------
Tue, 23 Jan 2024 12:34:24 GMT

Method : GET
Route : /api/vacations/3690dac9-478c-408f-af03-12983f321969.jpeg
----------------------------------------------------------------------------------------------------
Tue, 23 Jan 2024 12:34:24 GMT

Method : GET
Route : /api/vacations/534a6f99-7434-4320-9a99-1a56d07486ea.jpeg
----------------------------------------------------------------------------------------------------
Tue, 23 Jan 2024 12:35:00 GMT

Method : GET
Route : /api/vacations/06feab45-c08e-45e7-84d4-ee71b3b7c6a0.jpeg
----------------------------------------------------------------------------------------------------
Tue, 23 Jan 2024 12:35:00 GMT

Method : GET
Route : /api/vacations/fc4c4798-0e9f-4329-8043-6c05c43ce177.jpeg
----------------------------------------------------------------------------------------------------
Tue, 23 Jan 2024 12:35:00 GMT

Method : GET
Route : /api/vacations/f8d7c880-66d4-4ad0-91cc-e16831524585.jpeg
----------------------------------------------------------------------------------------------------
Tue, 23 Jan 2024 12:35:11 GMT

Method : GET
Route : /api/vacations/0e084d42-6a74-4341-aea9-95c598e5f9f7.jpeg
----------------------------------------------------------------------------------------------------
Tue, 23 Jan 2024 12:35:11 GMT

Method : GET
Route : /api/vacations/fd10854d-201c-40c9-8647-12f3b3f05d91.jpeg
----------------------------------------------------------------------------------------------------
Tue, 23 Jan 2024 12:35:33 GMT

Method : GET
Route : /api/vacations/549b77ed-ab80-49a2-884b-dd8abfa6afe8.jpeg
----------------------------------------------------------------------------------------------------
Tue, 23 Jan 2024 12:35:33 GMT

Method : GET
Route : /api/vacations/70a28eb7-8cd4-4808-87c1-e124e6efa652.jpeg
----------------------------------------------------------------------------------------------------
Tue, 23 Jan 2024 12:35:33 GMT

Method : GET
Route : /api/vacations/63280714-271a-4668-895c-e42fe12daefc.jpeg
----------------------------------------------------------------------------------------------------
Tue, 23 Jan 2024 12:35:36 GMT

Method : GET
Route : /api/vacations/fc4c4798-0e9f-4329-8043-6c05c43ce177.jpeg
----------------------------------------------------------------------------------------------------
Tue, 23 Jan 2024 12:35:36 GMT

Method : GET
Route : /api/vacations/f8d7c880-66d4-4ad0-91cc-e16831524585.jpeg
----------------------------------------------------------------------------------------------------
Tue, 23 Jan 2024 12:35:36 GMT

Method : GET
Route : /api/vacations/06feab45-c08e-45e7-84d4-ee71b3b7c6a0.jpeg
----------------------------------------------------------------------------------------------------
Tue, 23 Jan 2024 12:35:37 GMT

Method : GET
Route : /api/vacations/0e084d42-6a74-4341-aea9-95c598e5f9f7.jpeg
----------------------------------------------------------------------------------------------------
Tue, 23 Jan 2024 12:35:37 GMT

Method : GET
Route : /api/vacations/fd10854d-201c-40c9-8647-12f3b3f05d91.jpeg
----------------------------------------------------------------------------------------------------
Tue, 23 Jan 2024 12:35:39 GMT

Method : GET
Route : /api/vacations/06feab45-c08e-45e7-84d4-ee71b3b7c6a0.jpeg
----------------------------------------------------------------------------------------------------
Tue, 23 Jan 2024 12:35:39 GMT

Method : GET
Route : /api/vacations/fc4c4798-0e9f-4329-8043-6c05c43ce177.jpeg
----------------------------------------------------------------------------------------------------
Tue, 23 Jan 2024 12:35:39 GMT

Method : GET
Route : /api/vacations/f8d7c880-66d4-4ad0-91cc-e16831524585.jpeg
----------------------------------------------------------------------------------------------------
Tue, 23 Jan 2024 12:35:40 GMT

Method : GET
Route : /api/vacations/b6b24478-5d31-4131-be42-2c53a5390340.jpeg
----------------------------------------------------------------------------------------------------
Tue, 23 Jan 2024 12:35:40 GMT

Method : GET
Route : /api/vacations/534a6f99-7434-4320-9a99-1a56d07486ea.jpeg
----------------------------------------------------------------------------------------------------
Tue, 23 Jan 2024 12:35:40 GMT

Method : GET
Route : /api/vacations/3690dac9-478c-408f-af03-12983f321969.jpeg
----------------------------------------------------------------------------------------------------
Tue, 23 Jan 2024 12:36:46 GMT

Method : GET
Route : /api/vacations/549b77ed-ab80-49a2-884b-dd8abfa6afe8.jpeg
----------------------------------------------------------------------------------------------------
Tue, 23 Jan 2024 12:36:46 GMT

Method : GET
Route : /api/vacations/70a28eb7-8cd4-4808-87c1-e124e6efa652.jpeg
----------------------------------------------------------------------------------------------------
Tue, 23 Jan 2024 12:36:46 GMT

Method : GET
Route : /api/vacations/63280714-271a-4668-895c-e42fe12daefc.jpeg
----------------------------------------------------------------------------------------------------
Tue, 23 Jan 2024 12:36:59 GMT

Method : GET
Route : /api/vacations/07c8ba5f-baeb-446a-9a03-70150be07760.jpeg
----------------------------------------------------------------------------------------------------
Tue, 23 Jan 2024 12:37:04 GMT

Method : GET
Route : /api/vacations/5
----------------------------------------------------------------------------------------------------
Tue, 23 Jan 2024 12:37:04 GMT

Method : GET
Route : /api/vacations/549b77ed-ab80-49a2-884b-dd8abfa6afe8.jpeg
----------------------------------------------------------------------------------------------------
Tue, 23 Jan 2024 12:37:04 GMT

Method : GET
Route : /api/vacations/63280714-271a-4668-895c-e42fe12daefc.jpeg
----------------------------------------------------------------------------------------------------
Tue, 23 Jan 2024 12:37:04 GMT

Method : GET
Route : /api/vacations/70a28eb7-8cd4-4808-87c1-e124e6efa652.jpeg
----------------------------------------------------------------------------------------------------
Tue, 23 Jan 2024 12:37:06 GMT

Method : GET
Route : /api/vacations/3690dac9-478c-408f-af03-12983f321969.jpeg
----------------------------------------------------------------------------------------------------
Tue, 23 Jan 2024 12:37:06 GMT

Method : GET
Route : /api/vacations/b6b24478-5d31-4131-be42-2c53a5390340.jpeg
----------------------------------------------------------------------------------------------------
Tue, 23 Jan 2024 12:37:06 GMT

Method : GET
Route : /api/vacations/534a6f99-7434-4320-9a99-1a56d07486ea.jpeg
----------------------------------------------------------------------------------------------------
Tue, 23 Jan 2024 12:37:07 GMT

Method : GET
Route : /api/vacations/fc4c4798-0e9f-4329-8043-6c05c43ce177.jpeg
----------------------------------------------------------------------------------------------------
Tue, 23 Jan 2024 12:37:07 GMT

Method : GET
Route : /api/vacations/06feab45-c08e-45e7-84d4-ee71b3b7c6a0.jpeg
----------------------------------------------------------------------------------------------------
Tue, 23 Jan 2024 12:37:07 GMT

Method : GET
Route : /api/vacations/f8d7c880-66d4-4ad0-91cc-e16831524585.jpeg
----------------------------------------------------------------------------------------------------
Tue, 23 Jan 2024 12:37:07 GMT

Method : GET
Route : /api/vacations/0e084d42-6a74-4341-aea9-95c598e5f9f7.jpeg
----------------------------------------------------------------------------------------------------
Tue, 23 Jan 2024 12:37:07 GMT

Method : GET
Route : /api/vacations/fd10854d-201c-40c9-8647-12f3b3f05d91.jpeg
----------------------------------------------------------------------------------------------------
Tue, 23 Jan 2024 12:37:11 GMT

Method : GET
Route : /api/vacations/63280714-271a-4668-895c-e42fe12daefc.jpeg
----------------------------------------------------------------------------------------------------
Tue, 23 Jan 2024 12:37:11 GMT

Method : GET
Route : /api/vacations/549b77ed-ab80-49a2-884b-dd8abfa6afe8.jpeg
----------------------------------------------------------------------------------------------------
Tue, 23 Jan 2024 12:37:11 GMT

Method : GET
Route : /api/vacations/70a28eb7-8cd4-4808-87c1-e124e6efa652.jpeg
----------------------------------------------------------------------------------------------------
Tue, 23 Jan 2024 12:37:13 GMT

Method : GET
Route : /api/vacations/b6b24478-5d31-4131-be42-2c53a5390340.jpeg
----------------------------------------------------------------------------------------------------
Tue, 23 Jan 2024 12:37:13 GMT

Method : GET
Route : /api/vacations/3690dac9-478c-408f-af03-12983f321969.jpeg
----------------------------------------------------------------------------------------------------
Tue, 23 Jan 2024 12:37:13 GMT

Method : GET
Route : /api/vacations/534a6f99-7434-4320-9a99-1a56d07486ea.jpeg
----------------------------------------------------------------------------------------------------
Tue, 23 Jan 2024 12:37:13 GMT

Method : GET
Route : /api/vacations/fc4c4798-0e9f-4329-8043-6c05c43ce177.jpeg
----------------------------------------------------------------------------------------------------
Tue, 23 Jan 2024 12:37:13 GMT

Method : GET
Route : /api/vacations/f8d7c880-66d4-4ad0-91cc-e16831524585.jpeg
----------------------------------------------------------------------------------------------------
Tue, 23 Jan 2024 12:37:13 GMT

Method : GET
Route : /api/vacations/06feab45-c08e-45e7-84d4-ee71b3b7c6a0.jpeg
----------------------------------------------------------------------------------------------------
Tue, 23 Jan 2024 12:37:14 GMT

Method : GET
Route : /api/vacations/fd10854d-201c-40c9-8647-12f3b3f05d91.jpeg
----------------------------------------------------------------------------------------------------
Tue, 23 Jan 2024 12:37:14 GMT

Method : GET
Route : /api/vacations/0e084d42-6a74-4341-aea9-95c598e5f9f7.jpeg
----------------------------------------------------------------------------------------------------
Tue, 23 Jan 2024 13:57:45 GMT

Method : POST
Route : /api/login/
----------------------------------------------------------------------------------------------------
Tue, 23 Jan 2024 13:57:45 GMT

Method : GET
Route : /api/vacations/12
----------------------------------------------------------------------------------------------------
Tue, 23 Jan 2024 14:00:30 GMT

Method : GET
Route : /api/vacations/12
----------------------------------------------------------------------------------------------------
Tue, 23 Jan 2024 14:01:08 GMT

Method : GET
Route : /api/vacations/12
----------------------------------------------------------------------------------------------------
Tue, 23 Jan 2024 14:01:24 GMT

Method : GET
Route : /api/vacations/12
----------------------------------------------------------------------------------------------------
Tue, 23 Jan 2024 14:01:24 GMT

Method : GET
Route : /api/vacations/549b77ed-ab80-49a2-884b-dd8abfa6afe8.jpeg
----------------------------------------------------------------------------------------------------
Tue, 23 Jan 2024 14:01:24 GMT

Method : GET
Route : /api/vacations/63280714-271a-4668-895c-e42fe12daefc.jpeg
----------------------------------------------------------------------------------------------------
Tue, 23 Jan 2024 14:01:24 GMT

Method : GET
Route : /api/vacations/70a28eb7-8cd4-4808-87c1-e124e6efa652.jpeg
----------------------------------------------------------------------------------------------------
Tue, 23 Jan 2024 14:01:27 GMT

Method : GET
Route : /api/vacations/3690dac9-478c-408f-af03-12983f321969.jpeg
----------------------------------------------------------------------------------------------------
Tue, 23 Jan 2024 14:01:27 GMT

Method : GET
Route : /api/vacations/534a6f99-7434-4320-9a99-1a56d07486ea.jpeg
----------------------------------------------------------------------------------------------------
Tue, 23 Jan 2024 14:01:27 GMT

Method : GET
Route : /api/vacations/b6b24478-5d31-4131-be42-2c53a5390340.jpeg
----------------------------------------------------------------------------------------------------
Tue, 23 Jan 2024 14:01:28 GMT

Method : GET
Route : /api/vacations/f8d7c880-66d4-4ad0-91cc-e16831524585.jpeg
----------------------------------------------------------------------------------------------------
Tue, 23 Jan 2024 14:01:28 GMT

Method : GET
Route : /api/vacations/06feab45-c08e-45e7-84d4-ee71b3b7c6a0.jpeg
----------------------------------------------------------------------------------------------------
Tue, 23 Jan 2024 14:01:28 GMT

Method : GET
Route : /api/vacations/fc4c4798-0e9f-4329-8043-6c05c43ce177.jpeg
----------------------------------------------------------------------------------------------------
Tue, 23 Jan 2024 14:01:28 GMT

Method : GET
Route : /api/vacations/0e084d42-6a74-4341-aea9-95c598e5f9f7.jpeg
----------------------------------------------------------------------------------------------------
Tue, 23 Jan 2024 14:01:28 GMT

Method : GET
Route : /api/vacations/fd10854d-201c-40c9-8647-12f3b3f05d91.jpeg
----------------------------------------------------------------------------------------------------
Tue, 23 Jan 2024 14:01:44 GMT

Method : POST
Route : /api/login/
----------------------------------------------------------------------------------------------------
Tue, 23 Jan 2024 14:01:44 GMT

Method : GET
Route : /api/vacations/12
----------------------------------------------------------------------------------------------------
Tue, 23 Jan 2024 14:01:44 GMT

Method : GET
Route : /api/vacations/549b77ed-ab80-49a2-884b-dd8abfa6afe8.jpeg
----------------------------------------------------------------------------------------------------
Tue, 23 Jan 2024 14:01:44 GMT

Method : GET
Route : /api/vacations/63280714-271a-4668-895c-e42fe12daefc.jpeg
----------------------------------------------------------------------------------------------------
Tue, 23 Jan 2024 14:01:44 GMT

Method : GET
Route : /api/vacations/70a28eb7-8cd4-4808-87c1-e124e6efa652.jpeg
----------------------------------------------------------------------------------------------------
Tue, 23 Jan 2024 14:21:38 GMT

Method : POST
Route : /api/login/
----------------------------------------------------------------------------------------------------
Tue, 23 Jan 2024 14:21:38 GMT

Method : GET
Route : /api/vacations/12
----------------------------------------------------------------------------------------------------
Thu, 25 Jan 2024 11:32:41 GMT

Method : POST
Route : /api/login/
----------------------------------------------------------------------------------------------------
Thu, 25 Jan 2024 11:32:41 GMT

Method : GET
Route : /api/vacations/12
----------------------------------------------------------------------------------------------------
Thu, 25 Jan 2024 11:33:17 GMT

Method : GET
Route : /api/vacations/12
----------------------------------------------------------------------------------------------------
Thu, 25 Jan 2024 11:34:33 GMT

Method : GET
Route : /api/vacations/12
----------------------------------------------------------------------------------------------------
Thu, 25 Jan 2024 11:34:33 GMT

Method : GET
Route : /api/vacations/549b77ed-ab80-49a2-884b-dd8abfa6afe8.jpeg
----------------------------------------------------------------------------------------------------
Thu, 25 Jan 2024 11:34:33 GMT

Method : GET
Route : /api/vacations/70a28eb7-8cd4-4808-87c1-e124e6efa652.jpeg
----------------------------------------------------------------------------------------------------
Thu, 25 Jan 2024 11:34:33 GMT

Method : GET
Route : /api/vacations/63280714-271a-4668-895c-e42fe12daefc.jpeg
----------------------------------------------------------------------------------------------------
Thu, 25 Jan 2024 11:34:35 GMT

Method : GET
Route : /api/vacations/3690dac9-478c-408f-af03-12983f321969.jpeg
----------------------------------------------------------------------------------------------------
Thu, 25 Jan 2024 11:34:35 GMT

Method : GET
Route : /api/vacations/b6b24478-5d31-4131-be42-2c53a5390340.jpeg
----------------------------------------------------------------------------------------------------
Thu, 25 Jan 2024 11:34:35 GMT

Method : GET
Route : /api/vacations/534a6f99-7434-4320-9a99-1a56d07486ea.jpeg
----------------------------------------------------------------------------------------------------
Thu, 25 Jan 2024 11:34:36 GMT

Method : GET
Route : /api/vacations/06feab45-c08e-45e7-84d4-ee71b3b7c6a0.jpeg
----------------------------------------------------------------------------------------------------
Thu, 25 Jan 2024 11:34:36 GMT

Method : GET
Route : /api/vacations/fc4c4798-0e9f-4329-8043-6c05c43ce177.jpeg
----------------------------------------------------------------------------------------------------
Thu, 25 Jan 2024 11:34:36 GMT

Method : GET
Route : /api/vacations/f8d7c880-66d4-4ad0-91cc-e16831524585.jpeg
----------------------------------------------------------------------------------------------------
Thu, 25 Jan 2024 11:34:36 GMT

Method : GET
Route : /api/vacations/0e084d42-6a74-4341-aea9-95c598e5f9f7.jpeg
----------------------------------------------------------------------------------------------------
Thu, 25 Jan 2024 11:34:36 GMT

Method : GET
Route : /api/vacations/fd10854d-201c-40c9-8647-12f3b3f05d91.jpeg
----------------------------------------------------------------------------------------------------
Thu, 25 Jan 2024 11:34:46 GMT

Method : POST
Route : /api/login/
----------------------------------------------------------------------------------------------------
Thu, 25 Jan 2024 11:34:47 GMT

Method : GET
Route : /api/vacations/5
----------------------------------------------------------------------------------------------------
Thu, 25 Jan 2024 11:35:05 GMT

Method : POST
Route : /api/login/
----------------------------------------------------------------------------------------------------
Thu, 25 Jan 2024 11:35:31 GMT

Method : POST
Route : /api/login/
----------------------------------------------------------------------------------------------------
Thu, 25 Jan 2024 11:35:31 GMT

Method : GET
Route : /api/vacations/16
----------------------------------------------------------------------------------------------------
Thu, 25 Jan 2024 11:35:31 GMT

Method : GET
Route : /api/vacations/549b77ed-ab80-49a2-884b-dd8abfa6afe8.jpeg
----------------------------------------------------------------------------------------------------
Thu, 25 Jan 2024 11:35:31 GMT

Method : GET
Route : /api/vacations/63280714-271a-4668-895c-e42fe12daefc.jpeg
----------------------------------------------------------------------------------------------------
Thu, 25 Jan 2024 11:35:31 GMT

Method : GET
Route : /api/vacations/70a28eb7-8cd4-4808-87c1-e124e6efa652.jpeg
----------------------------------------------------------------------------------------------------
Thu, 25 Jan 2024 11:35:41 GMT

Method : GET
Route : /api/vacations/16
----------------------------------------------------------------------------------------------------
Thu, 25 Jan 2024 11:35:41 GMT

Method : GET
Route : /api/vacations/549b77ed-ab80-49a2-884b-dd8abfa6afe8.jpeg
----------------------------------------------------------------------------------------------------
Thu, 25 Jan 2024 11:35:41 GMT

Method : GET
Route : /api/vacations/63280714-271a-4668-895c-e42fe12daefc.jpeg
----------------------------------------------------------------------------------------------------
Thu, 25 Jan 2024 11:35:41 GMT

Method : GET
Route : /api/vacations/70a28eb7-8cd4-4808-87c1-e124e6efa652.jpeg
----------------------------------------------------------------------------------------------------
Thu, 25 Jan 2024 11:35:47 GMT

Method : GET
Route : /api/vacations/0e084d42-6a74-4341-aea9-95c598e5f9f7.jpeg
----------------------------------------------------------------------------------------------------
Thu, 25 Jan 2024 11:35:47 GMT

Method : GET
Route : /api/vacations/fd10854d-201c-40c9-8647-12f3b3f05d91.jpeg
----------------------------------------------------------------------------------------------------
Thu, 25 Jan 2024 11:35:53 GMT

Method : POST
Route : /api/login/
----------------------------------------------------------------------------------------------------
Thu, 25 Jan 2024 11:35:54 GMT

Method : GET
Route : /api/vacations/5
----------------------------------------------------------------------------------------------------
Thu, 25 Jan 2024 11:39:45 GMT

Method : POST
Route : /api/vacations/
----------------------------------------------------------------------------------------------------
Thu, 25 Jan 2024 11:40:20 GMT

Method : POST
Route : /api/vacations/
----------------------------------------------------------------------------------------------------
Thu, 25 Jan 2024 11:40:20 GMT

Method : GET
Route : /api/vacations/63280714-271a-4668-895c-e42fe12daefc.jpeg
----------------------------------------------------------------------------------------------------
Thu, 25 Jan 2024 11:40:20 GMT

Method : GET
Route : /api/vacations/549b77ed-ab80-49a2-884b-dd8abfa6afe8.jpeg
----------------------------------------------------------------------------------------------------
Thu, 25 Jan 2024 11:40:20 GMT

Method : GET
Route : /api/vacations/70a28eb7-8cd4-4808-87c1-e124e6efa652.jpeg
----------------------------------------------------------------------------------------------------
Thu, 25 Jan 2024 11:40:23 GMT

Method : GET
Route : /api/vacations/b13f83f8-036b-4b87-afa9-b9dbc3d40999.webp
----------------------------------------------------------------------------------------------------
Thu, 25 Jan 2024 11:40:23 GMT

Method : GET
Route : /api/vacations/0e084d42-6a74-4341-aea9-95c598e5f9f7.jpeg
----------------------------------------------------------------------------------------------------
Thu, 25 Jan 2024 11:40:23 GMT

Method : GET
Route : /api/vacations/fd10854d-201c-40c9-8647-12f3b3f05d91.jpeg
----------------------------------------------------------------------------------------------------
Thu, 25 Jan 2024 11:40:24 GMT

Method : GET
Route : /api/vacations/fc4c4798-0e9f-4329-8043-6c05c43ce177.jpeg
----------------------------------------------------------------------------------------------------
Thu, 25 Jan 2024 11:40:24 GMT

Method : GET
Route : /api/vacations/06feab45-c08e-45e7-84d4-ee71b3b7c6a0.jpeg
----------------------------------------------------------------------------------------------------
Thu, 25 Jan 2024 11:40:24 GMT

Method : GET
Route : /api/vacations/f8d7c880-66d4-4ad0-91cc-e16831524585.jpeg
----------------------------------------------------------------------------------------------------
Thu, 25 Jan 2024 11:40:26 GMT

Method : GET
Route : /api/vacations/f8d7c880-66d4-4ad0-91cc-e16831524585.jpeg
----------------------------------------------------------------------------------------------------
Thu, 25 Jan 2024 11:40:26 GMT

Method : GET
Route : /api/vacations/fc4c4798-0e9f-4329-8043-6c05c43ce177.jpeg
----------------------------------------------------------------------------------------------------
Thu, 25 Jan 2024 11:40:26 GMT

Method : GET
Route : /api/vacations/06feab45-c08e-45e7-84d4-ee71b3b7c6a0.jpeg
----------------------------------------------------------------------------------------------------
Thu, 25 Jan 2024 11:42:58 GMT

Method : GET
Route : /api/vacations/5
----------------------------------------------------------------------------------------------------
Thu, 25 Jan 2024 11:42:58 GMT

Method : GET
Route : /api/vacations/70a28eb7-8cd4-4808-87c1-e124e6efa652.jpeg
----------------------------------------------------------------------------------------------------
Thu, 25 Jan 2024 11:42:58 GMT

Method : GET
Route : /api/vacations/549b77ed-ab80-49a2-884b-dd8abfa6afe8.jpeg
----------------------------------------------------------------------------------------------------
Thu, 25 Jan 2024 11:42:58 GMT

Method : GET
Route : /api/vacations/63280714-271a-4668-895c-e42fe12daefc.jpeg
----------------------------------------------------------------------------------------------------
Thu, 25 Jan 2024 11:43:02 GMT

Method : GET
Route : /api/vacations/b13f83f8-036b-4b87-afa9-b9dbc3d40999.webp
----------------------------------------------------------------------------------------------------
Thu, 25 Jan 2024 11:43:02 GMT

Method : GET
Route : /api/vacations/b6b24478-5d31-4131-be42-2c53a5390340.jpeg
----------------------------------------------------------------------------------------------------
Thu, 25 Jan 2024 11:43:02 GMT

Method : GET
Route : /api/vacations/3690dac9-478c-408f-af03-12983f321969.jpeg
----------------------------------------------------------------------------------------------------
Thu, 25 Jan 2024 11:43:03 GMT

Method : GET
Route : /api/vacations/06feab45-c08e-45e7-84d4-ee71b3b7c6a0.jpeg
----------------------------------------------------------------------------------------------------
Thu, 25 Jan 2024 11:43:03 GMT

Method : GET
Route : /api/vacations/fc4c4798-0e9f-4329-8043-6c05c43ce177.jpeg
----------------------------------------------------------------------------------------------------
Thu, 25 Jan 2024 11:43:03 GMT

Method : GET
Route : /api/vacations/534a6f99-7434-4320-9a99-1a56d07486ea.jpeg
----------------------------------------------------------------------------------------------------
Thu, 25 Jan 2024 11:43:51 GMT

Method : GET
Route : /api/vacations/534a6f99-7434-4320-9a99-1a56d07486ea.jpeg
----------------------------------------------------------------------------------------------------
Thu, 25 Jan 2024 11:43:51 GMT

Method : GET
Route : /api/vacations/06feab45-c08e-45e7-84d4-ee71b3b7c6a0.jpeg
----------------------------------------------------------------------------------------------------
Thu, 25 Jan 2024 11:43:51 GMT

Method : GET
Route : /api/vacations/fc4c4798-0e9f-4329-8043-6c05c43ce177.jpeg
----------------------------------------------------------------------------------------------------
Thu, 25 Jan 2024 11:43:53 GMT

Method : GET
Route : /api/vacations/fd10854d-201c-40c9-8647-12f3b3f05d91.jpeg
----------------------------------------------------------------------------------------------------
Thu, 25 Jan 2024 11:43:53 GMT

Method : GET
Route : /api/vacations/f8d7c880-66d4-4ad0-91cc-e16831524585.jpeg
----------------------------------------------------------------------------------------------------
Thu, 25 Jan 2024 11:43:53 GMT

Method : GET
Route : /api/vacations/0e084d42-6a74-4341-aea9-95c598e5f9f7.jpeg
----------------------------------------------------------------------------------------------------
Thu, 25 Jan 2024 11:45:48 GMT

Method : GET
Route : /api/vacations/3690dac9-478c-408f-af03-12983f321969.jpeg
----------------------------------------------------------------------------------------------------
Thu, 25 Jan 2024 11:45:48 GMT

Method : GET
Route : /api/vacations/b6b24478-5d31-4131-be42-2c53a5390340.jpeg
----------------------------------------------------------------------------------------------------
Thu, 25 Jan 2024 11:45:48 GMT

Method : GET
Route : /api/vacations/b13f83f8-036b-4b87-afa9-b9dbc3d40999.webp
----------------------------------------------------------------------------------------------------
Thu, 25 Jan 2024 11:45:51 GMT

Method : GET
Route : /api/vacations/549b77ed-ab80-49a2-884b-dd8abfa6afe8.jpeg
----------------------------------------------------------------------------------------------------
Thu, 25 Jan 2024 11:45:51 GMT

Method : GET
Route : /api/vacations/70a28eb7-8cd4-4808-87c1-e124e6efa652.jpeg
----------------------------------------------------------------------------------------------------
Thu, 25 Jan 2024 11:45:51 GMT

Method : GET
Route : /api/vacations/63280714-271a-4668-895c-e42fe12daefc.jpeg
----------------------------------------------------------------------------------------------------
Thu, 25 Jan 2024 11:48:20 GMT

Method : POST
Route : /api/vacations/
----------------------------------------------------------------------------------------------------
Thu, 25 Jan 2024 11:48:20 GMT

Method : GET
Route : /api/vacations/549b77ed-ab80-49a2-884b-dd8abfa6afe8.jpeg
----------------------------------------------------------------------------------------------------
Thu, 25 Jan 2024 11:48:20 GMT

Method : GET
Route : /api/vacations/70a28eb7-8cd4-4808-87c1-e124e6efa652.jpeg
----------------------------------------------------------------------------------------------------
Thu, 25 Jan 2024 11:48:20 GMT

Method : GET
Route : /api/vacations/63280714-271a-4668-895c-e42fe12daefc.jpeg
----------------------------------------------------------------------------------------------------
Thu, 25 Jan 2024 11:48:21 GMT

Method : GET
Route : /api/vacations/35051513-1edd-46f4-a547-9a160d5e8068.jpeg
----------------------------------------------------------------------------------------------------
Thu, 25 Jan 2024 11:49:11 GMT

Method : POST
Route : /api/vacations/
----------------------------------------------------------------------------------------------------
Thu, 25 Jan 2024 11:49:11 GMT

Method : GET
Route : /api/vacations/549b77ed-ab80-49a2-884b-dd8abfa6afe8.jpeg
----------------------------------------------------------------------------------------------------
Thu, 25 Jan 2024 11:49:11 GMT

Method : GET
Route : /api/vacations/70a28eb7-8cd4-4808-87c1-e124e6efa652.jpeg
----------------------------------------------------------------------------------------------------
Thu, 25 Jan 2024 11:49:11 GMT

Method : GET
Route : /api/vacations/63280714-271a-4668-895c-e42fe12daefc.jpeg
----------------------------------------------------------------------------------------------------
Thu, 25 Jan 2024 11:50:09 GMT

Method : POST
Route : /api/vacations/
----------------------------------------------------------------------------------------------------
Thu, 25 Jan 2024 11:50:10 GMT

Method : GET
Route : /api/vacations/f4c8262a-ae83-4ec0-99f8-a57010e141a0.jpeg
----------------------------------------------------------------------------------------------------
Thu, 25 Jan 2024 11:50:10 GMT

Method : GET
Route : /api/vacations/e5136113-fe7a-45fb-b523-e3f7c9738cc6.jpeg
----------------------------------------------------------------------------------------------------
Thu, 25 Jan 2024 11:50:10 GMT

Method : GET
Route : /api/vacations/35051513-1edd-46f4-a547-9a160d5e8068.jpeg
----------------------------------------------------------------------------------------------------
Thu, 25 Jan 2024 11:51:11 GMT

Method : POST
Route : /api/vacations/
----------------------------------------------------------------------------------------------------
Thu, 25 Jan 2024 11:51:22 GMT

Method : POST
Route : /api/vacations/
----------------------------------------------------------------------------------------------------
Thu, 25 Jan 2024 11:51:22 GMT

Method : GET
Route : /api/vacations/549b77ed-ab80-49a2-884b-dd8abfa6afe8.jpeg
----------------------------------------------------------------------------------------------------
Thu, 25 Jan 2024 11:51:22 GMT

Method : GET
Route : /api/vacations/70a28eb7-8cd4-4808-87c1-e124e6efa652.jpeg
----------------------------------------------------------------------------------------------------
Thu, 25 Jan 2024 11:51:22 GMT

Method : GET
Route : /api/vacations/63280714-271a-4668-895c-e42fe12daefc.jpeg
----------------------------------------------------------------------------------------------------
Thu, 25 Jan 2024 11:51:24 GMT

Method : GET
Route : /api/vacations/75175feb-03b1-439b-9f2a-7ee0fb6343ed.jpeg
----------------------------------------------------------------------------------------------------
Thu, 25 Jan 2024 11:51:30 GMT

Method : GET
Route : /api/vacations/35051513-1edd-46f4-a547-9a160d5e8068.jpeg
----------------------------------------------------------------------------------------------------
Thu, 25 Jan 2024 11:51:30 GMT

Method : GET
Route : /api/vacations/f4c8262a-ae83-4ec0-99f8-a57010e141a0.jpeg
----------------------------------------------------------------------------------------------------
Thu, 25 Jan 2024 11:51:30 GMT

Method : GET
Route : /api/vacations/e5136113-fe7a-45fb-b523-e3f7c9738cc6.jpeg
----------------------------------------------------------------------------------------------------
Thu, 25 Jan 2024 11:51:32 GMT

Method : GET
Route : /api/vacations/fd10854d-201c-40c9-8647-12f3b3f05d91.jpeg
----------------------------------------------------------------------------------------------------
Thu, 25 Jan 2024 11:51:32 GMT

Method : GET
Route : /api/vacations/f8d7c880-66d4-4ad0-91cc-e16831524585.jpeg
----------------------------------------------------------------------------------------------------
Thu, 25 Jan 2024 11:51:32 GMT

Method : GET
Route : /api/vacations/0e084d42-6a74-4341-aea9-95c598e5f9f7.jpeg
----------------------------------------------------------------------------------------------------
Thu, 25 Jan 2024 11:51:33 GMT

Method : GET
Route : /api/vacations/fc4c4798-0e9f-4329-8043-6c05c43ce177.jpeg
----------------------------------------------------------------------------------------------------
Thu, 25 Jan 2024 11:51:33 GMT

Method : GET
Route : /api/vacations/534a6f99-7434-4320-9a99-1a56d07486ea.jpeg
----------------------------------------------------------------------------------------------------
Thu, 25 Jan 2024 11:51:33 GMT

Method : GET
Route : /api/vacations/06feab45-c08e-45e7-84d4-ee71b3b7c6a0.jpeg
----------------------------------------------------------------------------------------------------
Thu, 25 Jan 2024 11:51:35 GMT

Method : GET
Route : /api/vacations/3690dac9-478c-408f-af03-12983f321969.jpeg
----------------------------------------------------------------------------------------------------
Thu, 25 Jan 2024 11:51:35 GMT

Method : GET
Route : /api/vacations/b6b24478-5d31-4131-be42-2c53a5390340.jpeg
----------------------------------------------------------------------------------------------------
Thu, 25 Jan 2024 11:51:35 GMT

Method : GET
Route : /api/vacations/b13f83f8-036b-4b87-afa9-b9dbc3d40999.webp
----------------------------------------------------------------------------------------------------
Thu, 25 Jan 2024 11:51:36 GMT

Method : GET
Route : /api/vacations/549b77ed-ab80-49a2-884b-dd8abfa6afe8.jpeg
----------------------------------------------------------------------------------------------------
Thu, 25 Jan 2024 11:51:36 GMT

Method : GET
Route : /api/vacations/70a28eb7-8cd4-4808-87c1-e124e6efa652.jpeg
----------------------------------------------------------------------------------------------------
Thu, 25 Jan 2024 11:51:36 GMT

Method : GET
Route : /api/vacations/63280714-271a-4668-895c-e42fe12daefc.jpeg
----------------------------------------------------------------------------------------------------
Thu, 25 Jan 2024 11:51:43 GMT

Method : GET
Route : /api/vacations/f4c8262a-ae83-4ec0-99f8-a57010e141a0.jpeg
----------------------------------------------------------------------------------------------------
Thu, 25 Jan 2024 11:51:43 GMT

Method : GET
Route : /api/vacations/35051513-1edd-46f4-a547-9a160d5e8068.jpeg
----------------------------------------------------------------------------------------------------
Thu, 25 Jan 2024 11:51:43 GMT

Method : GET
Route : /api/vacations/e5136113-fe7a-45fb-b523-e3f7c9738cc6.jpeg
----------------------------------------------------------------------------------------------------
Thu, 25 Jan 2024 11:51:45 GMT

Method : GET
Route : /api/vacations/f8d7c880-66d4-4ad0-91cc-e16831524585.jpeg
----------------------------------------------------------------------------------------------------
Thu, 25 Jan 2024 11:51:45 GMT

Method : GET
Route : /api/vacations/0e084d42-6a74-4341-aea9-95c598e5f9f7.jpeg
----------------------------------------------------------------------------------------------------
Thu, 25 Jan 2024 11:51:45 GMT

Method : GET
Route : /api/vacations/fd10854d-201c-40c9-8647-12f3b3f05d91.jpeg
----------------------------------------------------------------------------------------------------
Thu, 25 Jan 2024 11:51:46 GMT

Method : GET
Route : /api/vacations/534a6f99-7434-4320-9a99-1a56d07486ea.jpeg
----------------------------------------------------------------------------------------------------
Thu, 25 Jan 2024 11:51:46 GMT

Method : GET
Route : /api/vacations/06feab45-c08e-45e7-84d4-ee71b3b7c6a0.jpeg
----------------------------------------------------------------------------------------------------
Thu, 25 Jan 2024 11:51:46 GMT

Method : GET
Route : /api/vacations/fc4c4798-0e9f-4329-8043-6c05c43ce177.jpeg
----------------------------------------------------------------------------------------------------
Thu, 25 Jan 2024 11:51:48 GMT

Method : GET
Route : /api/vacations/f4c8262a-ae83-4ec0-99f8-a57010e141a0.jpeg
----------------------------------------------------------------------------------------------------
Thu, 25 Jan 2024 11:51:48 GMT

Method : GET
Route : /api/vacations/35051513-1edd-46f4-a547-9a160d5e8068.jpeg
----------------------------------------------------------------------------------------------------
Thu, 25 Jan 2024 11:51:48 GMT

Method : GET
Route : /api/vacations/e5136113-fe7a-45fb-b523-e3f7c9738cc6.jpeg
----------------------------------------------------------------------------------------------------
Thu, 25 Jan 2024 11:51:49 GMT

Method : GET
Route : /api/vacations/75175feb-03b1-439b-9f2a-7ee0fb6343ed.jpeg
----------------------------------------------------------------------------------------------------
Thu, 25 Jan 2024 11:52:31 GMT

Method : POST
Route : /api/vacations/
----------------------------------------------------------------------------------------------------
Thu, 25 Jan 2024 11:52:31 GMT

Method : GET
Route : /api/vacations/549b77ed-ab80-49a2-884b-dd8abfa6afe8.jpeg
----------------------------------------------------------------------------------------------------
Thu, 25 Jan 2024 11:52:31 GMT

Method : GET
Route : /api/vacations/70a28eb7-8cd4-4808-87c1-e124e6efa652.jpeg
----------------------------------------------------------------------------------------------------
Thu, 25 Jan 2024 11:52:31 GMT

Method : GET
Route : /api/vacations/63280714-271a-4668-895c-e42fe12daefc.jpeg
----------------------------------------------------------------------------------------------------
Thu, 25 Jan 2024 11:52:35 GMT

Method : GET
Route : /api/vacations/94645ae5-59d1-4e06-9262-62ba8b33fa3a.jpeg
----------------------------------------------------------------------------------------------------
Thu, 25 Jan 2024 11:52:45 GMT

Method : GET
Route : /api/vacationsToAdmin/
----------------------------------------------------------------------------------------------------
Thu, 25 Jan 2024 11:53:16 GMT

Method : GET
Route : /api/vacations/549b77ed-ab80-49a2-884b-dd8abfa6afe8.jpeg
----------------------------------------------------------------------------------------------------
Thu, 25 Jan 2024 11:53:16 GMT

Method : GET
Route : /api/vacations/70a28eb7-8cd4-4808-87c1-e124e6efa652.jpeg
----------------------------------------------------------------------------------------------------
Thu, 25 Jan 2024 11:53:16 GMT

Method : GET
Route : /api/vacations/63280714-271a-4668-895c-e42fe12daefc.jpeg
----------------------------------------------------------------------------------------------------
Thu, 25 Jan 2024 11:53:17 GMT

Method : GET
Route : /api/vacations/94645ae5-59d1-4e06-9262-62ba8b33fa3a.jpeg
----------------------------------------------------------------------------------------------------
Thu, 25 Jan 2024 11:53:17 GMT

Method : GET
Route : /api/vacations/75175feb-03b1-439b-9f2a-7ee0fb6343ed.jpeg
----------------------------------------------------------------------------------------------------
Thu, 25 Jan 2024 11:54:03 GMT

Method : POST
Route : /api/vacations/
----------------------------------------------------------------------------------------------------
Thu, 25 Jan 2024 11:54:03 GMT

Method : GET
Route : /api/vacations/549b77ed-ab80-49a2-884b-dd8abfa6afe8.jpeg
----------------------------------------------------------------------------------------------------
Thu, 25 Jan 2024 11:54:03 GMT

Method : GET
Route : /api/vacations/70a28eb7-8cd4-4808-87c1-e124e6efa652.jpeg
----------------------------------------------------------------------------------------------------
Thu, 25 Jan 2024 11:54:03 GMT

Method : GET
Route : /api/vacations/63280714-271a-4668-895c-e42fe12daefc.jpeg
----------------------------------------------------------------------------------------------------
Thu, 25 Jan 2024 11:54:04 GMT

Method : GET
Route : /api/vacations/75175feb-03b1-439b-9f2a-7ee0fb6343ed.jpeg
----------------------------------------------------------------------------------------------------
Thu, 25 Jan 2024 11:54:04 GMT

Method : GET
Route : /api/vacations/94645ae5-59d1-4e06-9262-62ba8b33fa3a.jpeg
----------------------------------------------------------------------------------------------------
Thu, 25 Jan 2024 11:54:04 GMT

Method : GET
Route : /api/vacations/5e90a909-8d2f-4297-88f7-8e0d53dc7bb5.jpeg
----------------------------------------------------------------------------------------------------
Thu, 25 Jan 2024 11:54:28 GMT

Method : POST
Route : /api/login/
----------------------------------------------------------------------------------------------------
Thu, 25 Jan 2024 11:54:28 GMT

Method : GET
Route : /api/vacations/21
----------------------------------------------------------------------------------------------------
Thu, 25 Jan 2024 11:54:28 GMT

Method : GET
Route : /api/vacations/70a28eb7-8cd4-4808-87c1-e124e6efa652.jpeg
----------------------------------------------------------------------------------------------------
Thu, 25 Jan 2024 11:54:28 GMT

Method : GET
Route : /api/vacations/549b77ed-ab80-49a2-884b-dd8abfa6afe8.jpeg
----------------------------------------------------------------------------------------------------
Thu, 25 Jan 2024 11:54:28 GMT

Method : GET
Route : /api/vacations/63280714-271a-4668-895c-e42fe12daefc.jpeg
----------------------------------------------------------------------------------------------------
Thu, 25 Jan 2024 11:54:30 GMT

Method : GET
Route : /api/vacations/fc4c4798-0e9f-4329-8043-6c05c43ce177.jpeg
----------------------------------------------------------------------------------------------------
Thu, 25 Jan 2024 11:54:30 GMT

Method : GET
Route : /api/vacations/5e90a909-8d2f-4297-88f7-8e0d53dc7bb5.jpeg
----------------------------------------------------------------------------------------------------
Thu, 25 Jan 2024 11:54:30 GMT

Method : GET
Route : /api/vacations/f8d7c880-66d4-4ad0-91cc-e16831524585.jpeg
----------------------------------------------------------------------------------------------------
Thu, 25 Jan 2024 11:54:33 GMT

Method : POST
Route : /api/followers/21/47
----------------------------------------------------------------------------------------------------
Thu, 25 Jan 2024 11:54:35 GMT

Method : GET
Route : /api/vacations/fd10854d-201c-40c9-8647-12f3b3f05d91.jpeg
----------------------------------------------------------------------------------------------------
Thu, 25 Jan 2024 11:54:35 GMT

Method : GET
Route : /api/vacations/35051513-1edd-46f4-a547-9a160d5e8068.jpeg
----------------------------------------------------------------------------------------------------
Thu, 25 Jan 2024 11:54:35 GMT

Method : GET
Route : /api/vacations/0e084d42-6a74-4341-aea9-95c598e5f9f7.jpeg
----------------------------------------------------------------------------------------------------
Thu, 25 Jan 2024 11:54:38 GMT

Method : GET
Route : /api/vacations/534a6f99-7434-4320-9a99-1a56d07486ea.jpeg
----------------------------------------------------------------------------------------------------
Thu, 25 Jan 2024 11:54:38 GMT

Method : GET
Route : /api/vacations/06feab45-c08e-45e7-84d4-ee71b3b7c6a0.jpeg
----------------------------------------------------------------------------------------------------
Thu, 25 Jan 2024 11:54:38 GMT

Method : GET
Route : /api/vacations/b13f83f8-036b-4b87-afa9-b9dbc3d40999.webp
----------------------------------------------------------------------------------------------------
Thu, 25 Jan 2024 11:54:40 GMT

Method : POST
Route : /api/followers/21/41
----------------------------------------------------------------------------------------------------
Thu, 25 Jan 2024 11:54:41 GMT

Method : GET
Route : /api/vacations/549b77ed-ab80-49a2-884b-dd8abfa6afe8.jpeg
----------------------------------------------------------------------------------------------------
Thu, 25 Jan 2024 11:54:41 GMT

Method : GET
Route : /api/vacations/63280714-271a-4668-895c-e42fe12daefc.jpeg
----------------------------------------------------------------------------------------------------
Thu, 25 Jan 2024 11:54:41 GMT

Method : GET
Route : /api/vacations/70a28eb7-8cd4-4808-87c1-e124e6efa652.jpeg
----------------------------------------------------------------------------------------------------
Thu, 25 Jan 2024 11:54:43 GMT

Method : GET
Route : /api/vacations/3690dac9-478c-408f-af03-12983f321969.jpeg
----------------------------------------------------------------------------------------------------
Thu, 25 Jan 2024 11:54:43 GMT

Method : GET
Route : /api/vacations/b6b24478-5d31-4131-be42-2c53a5390340.jpeg
----------------------------------------------------------------------------------------------------
Thu, 25 Jan 2024 11:54:43 GMT

Method : GET
Route : /api/vacations/75175feb-03b1-439b-9f2a-7ee0fb6343ed.jpeg
----------------------------------------------------------------------------------------------------
Thu, 25 Jan 2024 11:54:47 GMT

Method : POST
Route : /api/followers/21/45
----------------------------------------------------------------------------------------------------
Thu, 25 Jan 2024 11:54:48 GMT

Method : GET
Route : /api/vacations/534a6f99-7434-4320-9a99-1a56d07486ea.jpeg
----------------------------------------------------------------------------------------------------
Thu, 25 Jan 2024 11:54:48 GMT

Method : GET
Route : /api/vacations/b13f83f8-036b-4b87-afa9-b9dbc3d40999.webp
----------------------------------------------------------------------------------------------------
Thu, 25 Jan 2024 11:54:48 GMT

Method : GET
Route : /api/vacations/06feab45-c08e-45e7-84d4-ee71b3b7c6a0.jpeg
----------------------------------------------------------------------------------------------------
Thu, 25 Jan 2024 11:54:50 GMT

Method : GET
Route : /api/vacations/fc4c4798-0e9f-4329-8043-6c05c43ce177.jpeg
----------------------------------------------------------------------------------------------------
Thu, 25 Jan 2024 11:54:50 GMT

Method : GET
Route : /api/vacations/5e90a909-8d2f-4297-88f7-8e0d53dc7bb5.jpeg
----------------------------------------------------------------------------------------------------
Thu, 25 Jan 2024 11:54:50 GMT

Method : GET
Route : /api/vacations/f8d7c880-66d4-4ad0-91cc-e16831524585.jpeg
----------------------------------------------------------------------------------------------------
Thu, 25 Jan 2024 11:54:51 GMT

Method : GET
Route : /api/vacations/35051513-1edd-46f4-a547-9a160d5e8068.jpeg
----------------------------------------------------------------------------------------------------
Thu, 25 Jan 2024 11:54:51 GMT

Method : GET
Route : /api/vacations/0e084d42-6a74-4341-aea9-95c598e5f9f7.jpeg
----------------------------------------------------------------------------------------------------
Thu, 25 Jan 2024 11:54:51 GMT

Method : GET
Route : /api/vacations/fd10854d-201c-40c9-8647-12f3b3f05d91.jpeg
----------------------------------------------------------------------------------------------------
Thu, 25 Jan 2024 11:54:54 GMT

Method : GET
Route : /api/vacations/0e084d42-6a74-4341-aea9-95c598e5f9f7.jpeg
----------------------------------------------------------------------------------------------------
Thu, 25 Jan 2024 11:54:54 GMT

Method : GET
Route : /api/vacations/35051513-1edd-46f4-a547-9a160d5e8068.jpeg
----------------------------------------------------------------------------------------------------
Thu, 25 Jan 2024 11:54:54 GMT

Method : GET
Route : /api/vacations/fd10854d-201c-40c9-8647-12f3b3f05d91.jpeg
----------------------------------------------------------------------------------------------------
Thu, 25 Jan 2024 11:54:57 GMT

Method : POST
Route : /api/followers/21/42
----------------------------------------------------------------------------------------------------
Thu, 25 Jan 2024 11:55:01 GMT

Method : GET
Route : /api/vacations/75175feb-03b1-439b-9f2a-7ee0fb6343ed.jpeg
----------------------------------------------------------------------------------------------------
Thu, 25 Jan 2024 11:55:01 GMT

Method : GET
Route : /api/vacations/b13f83f8-036b-4b87-afa9-b9dbc3d40999.webp
----------------------------------------------------------------------------------------------------
Thu, 25 Jan 2024 11:55:04 GMT

Method : GET
Route : /api/vacations/549b77ed-ab80-49a2-884b-dd8abfa6afe8.jpeg
----------------------------------------------------------------------------------------------------
Thu, 25 Jan 2024 11:55:04 GMT

Method : GET
Route : /api/vacations/70a28eb7-8cd4-4808-87c1-e124e6efa652.jpeg
----------------------------------------------------------------------------------------------------
Thu, 25 Jan 2024 11:55:04 GMT

Method : GET
Route : /api/vacations/63280714-271a-4668-895c-e42fe12daefc.jpeg
----------------------------------------------------------------------------------------------------
Thu, 25 Jan 2024 11:55:16 GMT

Method : POST
Route : /api/login/
----------------------------------------------------------------------------------------------------
Thu, 25 Jan 2024 11:55:16 GMT

Method : GET
Route : /api/vacations/20
----------------------------------------------------------------------------------------------------
Thu, 25 Jan 2024 11:55:18 GMT

Method : POST
Route : /api/followers/20/1
----------------------------------------------------------------------------------------------------
Thu, 25 Jan 2024 11:55:20 GMT

Method : GET
Route : /api/vacations/e5136113-fe7a-45fb-b523-e3f7c9738cc6.jpeg
----------------------------------------------------------------------------------------------------
Thu, 25 Jan 2024 11:55:20 GMT

Method : GET
Route : /api/vacations/f4c8262a-ae83-4ec0-99f8-a57010e141a0.jpeg
----------------------------------------------------------------------------------------------------
Thu, 25 Jan 2024 11:55:20 GMT

Method : GET
Route : /api/vacations/94645ae5-59d1-4e06-9262-62ba8b33fa3a.jpeg
----------------------------------------------------------------------------------------------------
Thu, 25 Jan 2024 11:55:21 GMT

Method : POST
Route : /api/followers/20/46
----------------------------------------------------------------------------------------------------
Thu, 25 Jan 2024 11:55:22 GMT

Method : POST
Route : /api/followers/20/43
----------------------------------------------------------------------------------------------------
Thu, 25 Jan 2024 11:55:23 GMT

Method : POST
Route : /api/followers/20/44
----------------------------------------------------------------------------------------------------
Thu, 25 Jan 2024 11:55:24 GMT

Method : GET
Route : /api/vacations/5e90a909-8d2f-4297-88f7-8e0d53dc7bb5.jpeg
----------------------------------------------------------------------------------------------------
Thu, 25 Jan 2024 11:55:24 GMT

Method : GET
Route : /api/vacations/fc4c4798-0e9f-4329-8043-6c05c43ce177.jpeg
----------------------------------------------------------------------------------------------------
Thu, 25 Jan 2024 11:55:24 GMT

Method : GET
Route : /api/vacations/f8d7c880-66d4-4ad0-91cc-e16831524585.jpeg
----------------------------------------------------------------------------------------------------
Thu, 25 Jan 2024 11:55:28 GMT

Method : POST
Route : /api/followers/20/47
----------------------------------------------------------------------------------------------------
Thu, 25 Jan 2024 11:55:39 GMT

Method : POST
Route : /api/login/
----------------------------------------------------------------------------------------------------
Thu, 25 Jan 2024 11:55:39 GMT

Method : GET
Route : /api/vacations/19
----------------------------------------------------------------------------------------------------
Thu, 25 Jan 2024 11:55:39 GMT

Method : GET
Route : /api/vacations/549b77ed-ab80-49a2-884b-dd8abfa6afe8.jpeg
----------------------------------------------------------------------------------------------------
Thu, 25 Jan 2024 11:55:39 GMT

Method : GET
Route : /api/vacations/70a28eb7-8cd4-4808-87c1-e124e6efa652.jpeg
----------------------------------------------------------------------------------------------------
Thu, 25 Jan 2024 11:55:39 GMT

Method : GET
Route : /api/vacations/63280714-271a-4668-895c-e42fe12daefc.jpeg
----------------------------------------------------------------------------------------------------
Thu, 25 Jan 2024 11:55:41 GMT

Method : GET
Route : /api/vacations/b13f83f8-036b-4b87-afa9-b9dbc3d40999.webp
----------------------------------------------------------------------------------------------------
Thu, 25 Jan 2024 11:55:41 GMT

Method : GET
Route : /api/vacations/534a6f99-7434-4320-9a99-1a56d07486ea.jpeg
----------------------------------------------------------------------------------------------------
Thu, 25 Jan 2024 11:55:41 GMT

Method : GET
Route : /api/vacations/06feab45-c08e-45e7-84d4-ee71b3b7c6a0.jpeg
----------------------------------------------------------------------------------------------------
Thu, 25 Jan 2024 11:55:42 GMT

Method : POST
Route : /api/followers/19/41
----------------------------------------------------------------------------------------------------
Thu, 25 Jan 2024 11:55:44 GMT

Method : GET
Route : /api/vacations/f8d7c880-66d4-4ad0-91cc-e16831524585.jpeg
----------------------------------------------------------------------------------------------------
Thu, 25 Jan 2024 11:55:44 GMT

Method : GET
Route : /api/vacations/fc4c4798-0e9f-4329-8043-6c05c43ce177.jpeg
----------------------------------------------------------------------------------------------------
Thu, 25 Jan 2024 11:55:44 GMT

Method : GET
Route : /api/vacations/5e90a909-8d2f-4297-88f7-8e0d53dc7bb5.jpeg
----------------------------------------------------------------------------------------------------
Thu, 25 Jan 2024 11:55:47 GMT

Method : POST
Route : /api/followers/19/5
----------------------------------------------------------------------------------------------------
Thu, 25 Jan 2024 11:55:48 GMT

Method : GET
Route : /api/vacations/0e084d42-6a74-4341-aea9-95c598e5f9f7.jpeg
----------------------------------------------------------------------------------------------------
Thu, 25 Jan 2024 11:55:48 GMT

Method : GET
Route : /api/vacations/fd10854d-201c-40c9-8647-12f3b3f05d91.jpeg
----------------------------------------------------------------------------------------------------
Thu, 25 Jan 2024 11:55:48 GMT

Method : GET
Route : /api/vacations/35051513-1edd-46f4-a547-9a160d5e8068.jpeg
----------------------------------------------------------------------------------------------------
Thu, 25 Jan 2024 11:55:52 GMT

Method : GET
Route : /api/vacations/94645ae5-59d1-4e06-9262-62ba8b33fa3a.jpeg
----------------------------------------------------------------------------------------------------
Thu, 25 Jan 2024 11:55:52 GMT

Method : GET
Route : /api/vacations/e5136113-fe7a-45fb-b523-e3f7c9738cc6.jpeg
----------------------------------------------------------------------------------------------------
Thu, 25 Jan 2024 11:55:52 GMT

Method : GET
Route : /api/vacations/f4c8262a-ae83-4ec0-99f8-a57010e141a0.jpeg
----------------------------------------------------------------------------------------------------
Thu, 25 Jan 2024 11:55:53 GMT

Method : GET
Route : /api/vacations/534a6f99-7434-4320-9a99-1a56d07486ea.jpeg
----------------------------------------------------------------------------------------------------
Thu, 25 Jan 2024 11:55:53 GMT

Method : GET
Route : /api/vacations/06feab45-c08e-45e7-84d4-ee71b3b7c6a0.jpeg
----------------------------------------------------------------------------------------------------
Thu, 25 Jan 2024 11:55:54 GMT

Method : GET
Route : /api/vacations/b6b24478-5d31-4131-be42-2c53a5390340.jpeg
----------------------------------------------------------------------------------------------------
Thu, 25 Jan 2024 11:55:54 GMT

Method : GET
Route : /api/vacations/3690dac9-478c-408f-af03-12983f321969.jpeg
----------------------------------------------------------------------------------------------------
Thu, 25 Jan 2024 11:55:54 GMT

Method : GET
Route : /api/vacations/75175feb-03b1-439b-9f2a-7ee0fb6343ed.jpeg
----------------------------------------------------------------------------------------------------
Thu, 25 Jan 2024 11:55:56 GMT

Method : POST
Route : /api/followers/19/7
----------------------------------------------------------------------------------------------------
Thu, 25 Jan 2024 11:55:57 GMT

Method : GET
Route : /api/vacations/70a28eb7-8cd4-4808-87c1-e124e6efa652.jpeg
----------------------------------------------------------------------------------------------------
Thu, 25 Jan 2024 11:55:57 GMT

Method : GET
Route : /api/vacations/549b77ed-ab80-49a2-884b-dd8abfa6afe8.jpeg
----------------------------------------------------------------------------------------------------
Thu, 25 Jan 2024 11:55:57 GMT

Method : GET
Route : /api/vacations/63280714-271a-4668-895c-e42fe12daefc.jpeg
----------------------------------------------------------------------------------------------------
Thu, 25 Jan 2024 11:55:58 GMT

Method : POST
Route : /api/followers/19/3
----------------------------------------------------------------------------------------------------
Thu, 25 Jan 2024 11:56:11 GMT

Method : POST
Route : /api/login/
----------------------------------------------------------------------------------------------------
Thu, 25 Jan 2024 11:56:11 GMT

Method : GET
Route : /api/vacations/18
----------------------------------------------------------------------------------------------------
Thu, 25 Jan 2024 11:56:11 GMT

Method : GET
Route : /api/vacations/70a28eb7-8cd4-4808-87c1-e124e6efa652.jpeg
----------------------------------------------------------------------------------------------------
Thu, 25 Jan 2024 11:56:11 GMT

Method : GET
Route : /api/vacations/549b77ed-ab80-49a2-884b-dd8abfa6afe8.jpeg
----------------------------------------------------------------------------------------------------
Thu, 25 Jan 2024 11:56:11 GMT

Method : GET
Route : /api/vacations/63280714-271a-4668-895c-e42fe12daefc.jpeg
----------------------------------------------------------------------------------------------------
Thu, 25 Jan 2024 11:56:13 GMT

Method : POST
Route : /api/followers/18/1
----------------------------------------------------------------------------------------------------
Thu, 25 Jan 2024 11:56:15 GMT

Method : POST
Route : /api/followers/18/9
----------------------------------------------------------------------------------------------------
Thu, 25 Jan 2024 11:56:16 GMT

Method : GET
Route : /api/vacations/534a6f99-7434-4320-9a99-1a56d07486ea.jpeg
----------------------------------------------------------------------------------------------------
Thu, 25 Jan 2024 11:56:16 GMT

Method : GET
Route : /api/vacations/b13f83f8-036b-4b87-afa9-b9dbc3d40999.webp
----------------------------------------------------------------------------------------------------
Thu, 25 Jan 2024 11:56:16 GMT

Method : GET
Route : /api/vacations/06feab45-c08e-45e7-84d4-ee71b3b7c6a0.jpeg
----------------------------------------------------------------------------------------------------
Thu, 25 Jan 2024 11:56:18 GMT

Method : POST
Route : /api/followers/18/6
----------------------------------------------------------------------------------------------------
Thu, 25 Jan 2024 11:56:19 GMT

Method : GET
Route : /api/vacations/e5136113-fe7a-45fb-b523-e3f7c9738cc6.jpeg
----------------------------------------------------------------------------------------------------
Thu, 25 Jan 2024 11:56:19 GMT

Method : GET
Route : /api/vacations/94645ae5-59d1-4e06-9262-62ba8b33fa3a.jpeg
----------------------------------------------------------------------------------------------------
Thu, 25 Jan 2024 11:56:19 GMT

Method : GET
Route : /api/vacations/f4c8262a-ae83-4ec0-99f8-a57010e141a0.jpeg
----------------------------------------------------------------------------------------------------
Thu, 25 Jan 2024 11:56:20 GMT

Method : POST
Route : /api/followers/18/43
----------------------------------------------------------------------------------------------------
Thu, 25 Jan 2024 11:56:23 GMT

Method : POST
Route : /api/followers/18/44
----------------------------------------------------------------------------------------------------
Thu, 25 Jan 2024 11:56:24 GMT

Method : GET
Route : /api/vacations/0e084d42-6a74-4341-aea9-95c598e5f9f7.jpeg
----------------------------------------------------------------------------------------------------
Thu, 25 Jan 2024 11:56:24 GMT

Method : GET
Route : /api/vacations/35051513-1edd-46f4-a547-9a160d5e8068.jpeg
----------------------------------------------------------------------------------------------------
Thu, 25 Jan 2024 11:56:24 GMT

Method : GET
Route : /api/vacations/fd10854d-201c-40c9-8647-12f3b3f05d91.jpeg
----------------------------------------------------------------------------------------------------
Thu, 25 Jan 2024 11:56:26 GMT

Method : POST
Route : /api/followers/18/11
----------------------------------------------------------------------------------------------------
Thu, 25 Jan 2024 11:56:35 GMT

Method : POST
Route : /api/login/
----------------------------------------------------------------------------------------------------
Thu, 25 Jan 2024 11:56:35 GMT

Method : GET
Route : /api/vacations/17
----------------------------------------------------------------------------------------------------
Thu, 25 Jan 2024 11:56:35 GMT

Method : GET
Route : /api/vacations/549b77ed-ab80-49a2-884b-dd8abfa6afe8.jpeg
----------------------------------------------------------------------------------------------------
Thu, 25 Jan 2024 11:56:35 GMT

Method : GET
Route : /api/vacations/70a28eb7-8cd4-4808-87c1-e124e6efa652.jpeg
----------------------------------------------------------------------------------------------------
Thu, 25 Jan 2024 11:56:35 GMT

Method : GET
Route : /api/vacations/63280714-271a-4668-895c-e42fe12daefc.jpeg
----------------------------------------------------------------------------------------------------
Thu, 25 Jan 2024 11:56:37 GMT

Method : POST
Route : /api/followers/17/3
----------------------------------------------------------------------------------------------------
Thu, 25 Jan 2024 11:56:38 GMT

Method : GET
Route : /api/vacations/b13f83f8-036b-4b87-afa9-b9dbc3d40999.webp
----------------------------------------------------------------------------------------------------
Thu, 25 Jan 2024 11:56:38 GMT

Method : GET
Route : /api/vacations/534a6f99-7434-4320-9a99-1a56d07486ea.jpeg
----------------------------------------------------------------------------------------------------
Thu, 25 Jan 2024 11:56:38 GMT

Method : GET
Route : /api/vacations/06feab45-c08e-45e7-84d4-ee71b3b7c6a0.jpeg
----------------------------------------------------------------------------------------------------
Thu, 25 Jan 2024 11:56:41 GMT

Method : POST
Route : /api/followers/17/6
----------------------------------------------------------------------------------------------------
Thu, 25 Jan 2024 11:56:42 GMT

Method : GET
Route : /api/vacations/35051513-1edd-46f4-a547-9a160d5e8068.jpeg
----------------------------------------------------------------------------------------------------
Thu, 25 Jan 2024 11:56:42 GMT

Method : GET
Route : /api/vacations/0e084d42-6a74-4341-aea9-95c598e5f9f7.jpeg
----------------------------------------------------------------------------------------------------
Thu, 25 Jan 2024 11:56:42 GMT

Method : GET
Route : /api/vacations/fd10854d-201c-40c9-8647-12f3b3f05d91.jpeg
----------------------------------------------------------------------------------------------------
Thu, 25 Jan 2024 11:56:44 GMT

Method : POST
Route : /api/followers/17/11
----------------------------------------------------------------------------------------------------
Thu, 25 Jan 2024 11:56:45 GMT

Method : GET
Route : /api/vacations/fc4c4798-0e9f-4329-8043-6c05c43ce177.jpeg
----------------------------------------------------------------------------------------------------
Thu, 25 Jan 2024 11:56:45 GMT

Method : GET
Route : /api/vacations/5e90a909-8d2f-4297-88f7-8e0d53dc7bb5.jpeg
----------------------------------------------------------------------------------------------------
Thu, 25 Jan 2024 11:56:45 GMT

Method : GET
Route : /api/vacations/f8d7c880-66d4-4ad0-91cc-e16831524585.jpeg
----------------------------------------------------------------------------------------------------
Thu, 25 Jan 2024 11:56:47 GMT

Method : POST
Route : /api/followers/17/2
----------------------------------------------------------------------------------------------------
Thu, 25 Jan 2024 11:56:56 GMT

Method : POST
Route : /api/login/
----------------------------------------------------------------------------------------------------
Thu, 25 Jan 2024 11:56:56 GMT

Method : GET
Route : /api/vacations/16
----------------------------------------------------------------------------------------------------
Thu, 25 Jan 2024 11:56:56 GMT

Method : GET
Route : /api/vacations/70a28eb7-8cd4-4808-87c1-e124e6efa652.jpeg
----------------------------------------------------------------------------------------------------
Thu, 25 Jan 2024 11:56:56 GMT

Method : GET
Route : /api/vacations/549b77ed-ab80-49a2-884b-dd8abfa6afe8.jpeg
----------------------------------------------------------------------------------------------------
Thu, 25 Jan 2024 11:56:56 GMT

Method : GET
Route : /api/vacations/63280714-271a-4668-895c-e42fe12daefc.jpeg
----------------------------------------------------------------------------------------------------
Thu, 25 Jan 2024 11:56:58 GMT

Method : GET
Route : /api/vacations/e5136113-fe7a-45fb-b523-e3f7c9738cc6.jpeg
----------------------------------------------------------------------------------------------------
Thu, 25 Jan 2024 11:56:58 GMT

Method : GET
Route : /api/vacations/94645ae5-59d1-4e06-9262-62ba8b33fa3a.jpeg
----------------------------------------------------------------------------------------------------
Thu, 25 Jan 2024 11:56:58 GMT

Method : GET
Route : /api/vacations/f4c8262a-ae83-4ec0-99f8-a57010e141a0.jpeg
----------------------------------------------------------------------------------------------------
Thu, 25 Jan 2024 11:56:59 GMT

Method : POST
Route : /api/followers/16/43
----------------------------------------------------------------------------------------------------
Thu, 25 Jan 2024 11:57:08 GMT

Method : POST
Route : /api/login/
----------------------------------------------------------------------------------------------------
Thu, 25 Jan 2024 11:57:08 GMT

Method : GET
Route : /api/vacations/15
----------------------------------------------------------------------------------------------------
Thu, 25 Jan 2024 11:57:09 GMT

Method : GET
Route : /api/vacations/70a28eb7-8cd4-4808-87c1-e124e6efa652.jpeg
----------------------------------------------------------------------------------------------------
Thu, 25 Jan 2024 11:57:09 GMT

Method : GET
Route : /api/vacations/549b77ed-ab80-49a2-884b-dd8abfa6afe8.jpeg
----------------------------------------------------------------------------------------------------
Thu, 25 Jan 2024 11:57:09 GMT

Method : GET
Route : /api/vacations/63280714-271a-4668-895c-e42fe12daefc.jpeg
----------------------------------------------------------------------------------------------------
Thu, 25 Jan 2024 11:57:11 GMT

Method : GET
Route : /api/vacations/3690dac9-478c-408f-af03-12983f321969.jpeg
----------------------------------------------------------------------------------------------------
Thu, 25 Jan 2024 11:57:11 GMT

Method : GET
Route : /api/vacations/75175feb-03b1-439b-9f2a-7ee0fb6343ed.jpeg
----------------------------------------------------------------------------------------------------
Thu, 25 Jan 2024 11:57:11 GMT

Method : GET
Route : /api/vacations/b6b24478-5d31-4131-be42-2c53a5390340.jpeg
----------------------------------------------------------------------------------------------------
Thu, 25 Jan 2024 11:57:21 GMT

Method : POST
Route : /api/login/
----------------------------------------------------------------------------------------------------
Thu, 25 Jan 2024 11:57:21 GMT

Method : GET
Route : /api/vacations/14
----------------------------------------------------------------------------------------------------
Thu, 25 Jan 2024 11:57:24 GMT

Method : GET
Route : /api/vacations/b6b24478-5d31-4131-be42-2c53a5390340.jpeg
----------------------------------------------------------------------------------------------------
Thu, 25 Jan 2024 11:57:24 GMT

Method : GET
Route : /api/vacations/3690dac9-478c-408f-af03-12983f321969.jpeg
----------------------------------------------------------------------------------------------------
Thu, 25 Jan 2024 11:57:24 GMT

Method : GET
Route : /api/vacations/75175feb-03b1-439b-9f2a-7ee0fb6343ed.jpeg
----------------------------------------------------------------------------------------------------
Thu, 25 Jan 2024 11:57:25 GMT

Method : GET
Route : /api/vacations/534a6f99-7434-4320-9a99-1a56d07486ea.jpeg
----------------------------------------------------------------------------------------------------
Thu, 25 Jan 2024 11:57:25 GMT

Method : GET
Route : /api/vacations/b13f83f8-036b-4b87-afa9-b9dbc3d40999.webp
----------------------------------------------------------------------------------------------------
Thu, 25 Jan 2024 11:57:25 GMT

Method : GET
Route : /api/vacations/06feab45-c08e-45e7-84d4-ee71b3b7c6a0.jpeg
----------------------------------------------------------------------------------------------------
Thu, 25 Jan 2024 11:57:26 GMT

Method : GET
Route : /api/vacations/e5136113-fe7a-45fb-b523-e3f7c9738cc6.jpeg
----------------------------------------------------------------------------------------------------
Thu, 25 Jan 2024 11:57:26 GMT

Method : GET
Route : /api/vacations/f4c8262a-ae83-4ec0-99f8-a57010e141a0.jpeg
----------------------------------------------------------------------------------------------------
Thu, 25 Jan 2024 11:57:26 GMT

Method : GET
Route : /api/vacations/94645ae5-59d1-4e06-9262-62ba8b33fa3a.jpeg
----------------------------------------------------------------------------------------------------
Thu, 25 Jan 2024 11:57:27 GMT

Method : GET
Route : /api/vacations/fc4c4798-0e9f-4329-8043-6c05c43ce177.jpeg
----------------------------------------------------------------------------------------------------
Thu, 25 Jan 2024 11:57:27 GMT

Method : GET
Route : /api/vacations/5e90a909-8d2f-4297-88f7-8e0d53dc7bb5.jpeg
----------------------------------------------------------------------------------------------------
Thu, 25 Jan 2024 11:57:27 GMT

Method : GET
Route : /api/vacations/f8d7c880-66d4-4ad0-91cc-e16831524585.jpeg
----------------------------------------------------------------------------------------------------
Thu, 25 Jan 2024 11:57:29 GMT

Method : POST
Route : /api/followers/14/47
----------------------------------------------------------------------------------------------------
Thu, 25 Jan 2024 11:57:30 GMT

Method : GET
Route : /api/vacations/fd10854d-201c-40c9-8647-12f3b3f05d91.jpeg
----------------------------------------------------------------------------------------------------
Thu, 25 Jan 2024 11:57:30 GMT

Method : GET
Route : /api/vacations/0e084d42-6a74-4341-aea9-95c598e5f9f7.jpeg
----------------------------------------------------------------------------------------------------
Thu, 25 Jan 2024 11:57:30 GMT

Method : GET
Route : /api/vacations/35051513-1edd-46f4-a547-9a160d5e8068.jpeg
----------------------------------------------------------------------------------------------------
Thu, 25 Jan 2024 11:57:31 GMT

Method : POST
Route : /api/followers/14/8
----------------------------------------------------------------------------------------------------
Thu, 25 Jan 2024 11:57:40 GMT

Method : POST
Route : /api/login/
----------------------------------------------------------------------------------------------------
Thu, 25 Jan 2024 11:57:40 GMT

Method : GET
Route : /api/vacations/13
----------------------------------------------------------------------------------------------------
Thu, 25 Jan 2024 11:57:40 GMT

Method : GET
Route : /api/vacations/549b77ed-ab80-49a2-884b-dd8abfa6afe8.jpeg
----------------------------------------------------------------------------------------------------
Thu, 25 Jan 2024 11:57:40 GMT

Method : GET
Route : /api/vacations/70a28eb7-8cd4-4808-87c1-e124e6efa652.jpeg
----------------------------------------------------------------------------------------------------
Thu, 25 Jan 2024 11:57:40 GMT

Method : GET
Route : /api/vacations/63280714-271a-4668-895c-e42fe12daefc.jpeg
----------------------------------------------------------------------------------------------------
Thu, 25 Jan 2024 11:57:43 GMT

Method : GET
Route : /api/vacations/75175feb-03b1-439b-9f2a-7ee0fb6343ed.jpeg
----------------------------------------------------------------------------------------------------
Thu, 25 Jan 2024 11:57:43 GMT

Method : GET
Route : /api/vacations/3690dac9-478c-408f-af03-12983f321969.jpeg
----------------------------------------------------------------------------------------------------
Thu, 25 Jan 2024 11:57:43 GMT

Method : GET
Route : /api/vacations/b6b24478-5d31-4131-be42-2c53a5390340.jpeg
----------------------------------------------------------------------------------------------------
Thu, 25 Jan 2024 11:57:44 GMT

Method : GET
Route : /api/vacations/534a6f99-7434-4320-9a99-1a56d07486ea.jpeg
----------------------------------------------------------------------------------------------------
Thu, 25 Jan 2024 11:57:44 GMT

Method : GET
Route : /api/vacations/b13f83f8-036b-4b87-afa9-b9dbc3d40999.webp
----------------------------------------------------------------------------------------------------
Thu, 25 Jan 2024 11:57:44 GMT

Method : GET
Route : /api/vacations/06feab45-c08e-45e7-84d4-ee71b3b7c6a0.jpeg
----------------------------------------------------------------------------------------------------
Thu, 25 Jan 2024 11:57:45 GMT

Method : GET
Route : /api/vacations/e5136113-fe7a-45fb-b523-e3f7c9738cc6.jpeg
----------------------------------------------------------------------------------------------------
Thu, 25 Jan 2024 11:57:45 GMT

Method : GET
Route : /api/vacations/94645ae5-59d1-4e06-9262-62ba8b33fa3a.jpeg
----------------------------------------------------------------------------------------------------
Thu, 25 Jan 2024 11:57:45 GMT

Method : GET
Route : /api/vacations/f4c8262a-ae83-4ec0-99f8-a57010e141a0.jpeg
----------------------------------------------------------------------------------------------------
Thu, 25 Jan 2024 11:57:46 GMT

Method : GET
Route : /api/vacations/5e90a909-8d2f-4297-88f7-8e0d53dc7bb5.jpeg
----------------------------------------------------------------------------------------------------
Thu, 25 Jan 2024 11:57:46 GMT

Method : GET
Route : /api/vacations/fc4c4798-0e9f-4329-8043-6c05c43ce177.jpeg
----------------------------------------------------------------------------------------------------
Thu, 25 Jan 2024 11:57:46 GMT

Method : GET
Route : /api/vacations/f8d7c880-66d4-4ad0-91cc-e16831524585.jpeg
----------------------------------------------------------------------------------------------------
Thu, 25 Jan 2024 11:57:48 GMT

Method : POST
Route : /api/followers/13/5
----------------------------------------------------------------------------------------------------
Thu, 25 Jan 2024 11:57:49 GMT

Method : GET
Route : /api/vacations/63280714-271a-4668-895c-e42fe12daefc.jpeg
----------------------------------------------------------------------------------------------------
Thu, 25 Jan 2024 11:57:49 GMT

Method : GET
Route : /api/vacations/549b77ed-ab80-49a2-884b-dd8abfa6afe8.jpeg
----------------------------------------------------------------------------------------------------
Thu, 25 Jan 2024 11:57:49 GMT

Method : GET
Route : /api/vacations/70a28eb7-8cd4-4808-87c1-e124e6efa652.jpeg
----------------------------------------------------------------------------------------------------
Thu, 25 Jan 2024 11:57:51 GMT

Method : GET
Route : /api/vacations/fd10854d-201c-40c9-8647-12f3b3f05d91.jpeg
----------------------------------------------------------------------------------------------------
Thu, 25 Jan 2024 11:57:51 GMT

Method : GET
Route : /api/vacations/0e084d42-6a74-4341-aea9-95c598e5f9f7.jpeg
----------------------------------------------------------------------------------------------------
Thu, 25 Jan 2024 11:57:51 GMT

Method : GET
Route : /api/vacations/35051513-1edd-46f4-a547-9a160d5e8068.jpeg
----------------------------------------------------------------------------------------------------
Thu, 25 Jan 2024 11:57:52 GMT

Method : POST
Route : /api/followers/13/11
----------------------------------------------------------------------------------------------------
Thu, 25 Jan 2024 11:58:00 GMT

Method : POST
Route : /api/login/
----------------------------------------------------------------------------------------------------
Thu, 25 Jan 2024 11:58:00 GMT

Method : GET
Route : /api/vacations/12
----------------------------------------------------------------------------------------------------
Thu, 25 Jan 2024 11:58:09 GMT

Method : POST
Route : /api/login/
----------------------------------------------------------------------------------------------------
Thu, 25 Jan 2024 11:58:09 GMT

Method : GET
Route : /api/vacations/10
----------------------------------------------------------------------------------------------------
Thu, 25 Jan 2024 11:58:09 GMT

Method : GET
Route : /api/vacations/70a28eb7-8cd4-4808-87c1-e124e6efa652.jpeg
----------------------------------------------------------------------------------------------------
Thu, 25 Jan 2024 11:58:09 GMT

Method : GET
Route : /api/vacations/549b77ed-ab80-49a2-884b-dd8abfa6afe8.jpeg
----------------------------------------------------------------------------------------------------
Thu, 25 Jan 2024 11:58:09 GMT

Method : GET
Route : /api/vacations/63280714-271a-4668-895c-e42fe12daefc.jpeg
----------------------------------------------------------------------------------------------------
Thu, 25 Jan 2024 11:58:11 GMT

Method : GET
Route : /api/vacations/3690dac9-478c-408f-af03-12983f321969.jpeg
----------------------------------------------------------------------------------------------------
Thu, 25 Jan 2024 11:58:11 GMT

Method : GET
Route : /api/vacations/b6b24478-5d31-4131-be42-2c53a5390340.jpeg
----------------------------------------------------------------------------------------------------
Thu, 25 Jan 2024 11:58:11 GMT

Method : GET
Route : /api/vacations/75175feb-03b1-439b-9f2a-7ee0fb6343ed.jpeg
----------------------------------------------------------------------------------------------------
Thu, 25 Jan 2024 11:58:12 GMT

Method : GET
Route : /api/vacations/06feab45-c08e-45e7-84d4-ee71b3b7c6a0.jpeg
----------------------------------------------------------------------------------------------------
Thu, 25 Jan 2024 11:58:12 GMT

Method : GET
Route : /api/vacations/b13f83f8-036b-4b87-afa9-b9dbc3d40999.webp
----------------------------------------------------------------------------------------------------
Thu, 25 Jan 2024 11:58:12 GMT

Method : GET
Route : /api/vacations/534a6f99-7434-4320-9a99-1a56d07486ea.jpeg
----------------------------------------------------------------------------------------------------
Thu, 25 Jan 2024 11:58:13 GMT

Method : GET
Route : /api/vacations/e5136113-fe7a-45fb-b523-e3f7c9738cc6.jpeg
----------------------------------------------------------------------------------------------------
Thu, 25 Jan 2024 11:58:13 GMT

Method : GET
Route : /api/vacations/94645ae5-59d1-4e06-9262-62ba8b33fa3a.jpeg
----------------------------------------------------------------------------------------------------
Thu, 25 Jan 2024 11:58:13 GMT

Method : GET
Route : /api/vacations/f4c8262a-ae83-4ec0-99f8-a57010e141a0.jpeg
----------------------------------------------------------------------------------------------------
Thu, 25 Jan 2024 11:58:14 GMT

Method : GET
Route : /api/vacations/f8d7c880-66d4-4ad0-91cc-e16831524585.jpeg
----------------------------------------------------------------------------------------------------
Thu, 25 Jan 2024 11:58:14 GMT

Method : GET
Route : /api/vacations/5e90a909-8d2f-4297-88f7-8e0d53dc7bb5.jpeg
----------------------------------------------------------------------------------------------------
Thu, 25 Jan 2024 11:58:14 GMT

Method : GET
Route : /api/vacations/fc4c4798-0e9f-4329-8043-6c05c43ce177.jpeg
----------------------------------------------------------------------------------------------------
Thu, 25 Jan 2024 11:58:14 GMT

Method : GET
Route : /api/vacations/35051513-1edd-46f4-a547-9a160d5e8068.jpeg
----------------------------------------------------------------------------------------------------
Thu, 25 Jan 2024 11:58:14 GMT

Method : GET
Route : /api/vacations/0e084d42-6a74-4341-aea9-95c598e5f9f7.jpeg
----------------------------------------------------------------------------------------------------
Thu, 25 Jan 2024 11:58:14 GMT

Method : GET
Route : /api/vacations/fd10854d-201c-40c9-8647-12f3b3f05d91.jpeg
----------------------------------------------------------------------------------------------------
Thu, 25 Jan 2024 11:58:16 GMT

Method : GET
Route : /api/vacations/b13f83f8-036b-4b87-afa9-b9dbc3d40999.webp
----------------------------------------------------------------------------------------------------
Thu, 25 Jan 2024 11:58:16 GMT

Method : GET
Route : /api/vacations/06feab45-c08e-45e7-84d4-ee71b3b7c6a0.jpeg
----------------------------------------------------------------------------------------------------
Thu, 25 Jan 2024 11:58:16 GMT

Method : GET
Route : /api/vacations/534a6f99-7434-4320-9a99-1a56d07486ea.jpeg
----------------------------------------------------------------------------------------------------
Thu, 25 Jan 2024 11:58:17 GMT

Method : POST
Route : /api/followers/10/41
----------------------------------------------------------------------------------------------------
Thu, 25 Jan 2024 11:58:18 GMT

Method : POST
Route : /api/followers/10/6
----------------------------------------------------------------------------------------------------
Thu, 25 Jan 2024 11:58:19 GMT

Method : GET
Route : /api/vacations/0e084d42-6a74-4341-aea9-95c598e5f9f7.jpeg
----------------------------------------------------------------------------------------------------
Thu, 25 Jan 2024 11:58:19 GMT

Method : GET
Route : /api/vacations/35051513-1edd-46f4-a547-9a160d5e8068.jpeg
----------------------------------------------------------------------------------------------------
Thu, 25 Jan 2024 11:58:19 GMT

Method : GET
Route : /api/vacations/fd10854d-201c-40c9-8647-12f3b3f05d91.jpeg
----------------------------------------------------------------------------------------------------
Thu, 25 Jan 2024 11:58:20 GMT

Method : POST
Route : /api/followers/10/11
----------------------------------------------------------------------------------------------------
Thu, 25 Jan 2024 11:58:29 GMT

Method : POST
Route : /api/login/
----------------------------------------------------------------------------------------------------
Thu, 25 Jan 2024 11:58:29 GMT

Method : GET
Route : /api/vacations/5
----------------------------------------------------------------------------------------------------
Thu, 25 Jan 2024 11:58:29 GMT

Method : GET
Route : /api/vacations/549b77ed-ab80-49a2-884b-dd8abfa6afe8.jpeg
----------------------------------------------------------------------------------------------------
Thu, 25 Jan 2024 11:58:29 GMT

Method : GET
Route : /api/vacations/70a28eb7-8cd4-4808-87c1-e124e6efa652.jpeg
----------------------------------------------------------------------------------------------------
Thu, 25 Jan 2024 11:58:29 GMT

Method : GET
Route : /api/vacations/63280714-271a-4668-895c-e42fe12daefc.jpeg
----------------------------------------------------------------------------------------------------
Thu, 25 Jan 2024 11:58:31 GMT

Method : GET
Route : /api/vacationsToAdmin/
----------------------------------------------------------------------------------------------------
Mon, 29 Jan 2024 10:54:00 GMT

Method : POST
Route : /api/login
----------------------------------------------------------------------------------------------------
Mon, 29 Jan 2024 10:54:02 GMT

Method : POST
Route : /api/login
----------------------------------------------------------------------------------------------------
Mon, 29 Jan 2024 10:54:12 GMT

Method : POST
Route : /api/login
----------------------------------------------------------------------------------------------------
Mon, 29 Jan 2024 10:54:35 GMT

Method : GET
Route : /api/vacations/5
----------------------------------------------------------------------------------------------------
Mon, 29 Jan 2024 10:54:47 GMT

Method : GET
Route : /api/vacations/7
----------------------------------------------------------------------------------------------------
Mon, 29 Jan 2024 10:55:20 GMT

Method : POST
Route : /api/login/
----------------------------------------------------------------------------------------------------
Mon, 29 Jan 2024 10:55:20 GMT

Method : GET
Route : /api/vacations/12
----------------------------------------------------------------------------------------------------
Mon, 29 Jan 2024 10:55:20 GMT

Method : GET
Route : /api/vacations/63280714-271a-4668-895c-e42fe12daefc.jpeg
----------------------------------------------------------------------------------------------------
Mon, 29 Jan 2024 10:55:20 GMT

Method : GET
Route : /api/vacations/549b77ed-ab80-49a2-884b-dd8abfa6afe8.jpeg
----------------------------------------------------------------------------------------------------
Mon, 29 Jan 2024 10:55:20 GMT

Method : GET
Route : /api/vacations/70a28eb7-8cd4-4808-87c1-e124e6efa652.jpeg
----------------------------------------------------------------------------------------------------
Mon, 29 Jan 2024 10:58:27 GMT

Method : GET
Route : /vacations/
----------------------------------------------------------------------------------------------------
Mon, 29 Jan 2024 10:58:27 GMT

Method : GET
Route : /api/vacations/12
----------------------------------------------------------------------------------------------------
Mon, 29 Jan 2024 10:58:27 GMT

Method : GET
Route : /api/vacations/549b77ed-ab80-49a2-884b-dd8abfa6afe8.jpeg
----------------------------------------------------------------------------------------------------
Mon, 29 Jan 2024 10:58:27 GMT

Method : GET
Route : /api/vacations/63280714-271a-4668-895c-e42fe12daefc.jpeg
----------------------------------------------------------------------------------------------------
Mon, 29 Jan 2024 10:58:27 GMT

Method : GET
Route : /api/vacations/70a28eb7-8cd4-4808-87c1-e124e6efa652.jpeg
----------------------------------------------------------------------------------------------------
Mon, 29 Jan 2024 10:58:36 GMT

Method : GET
Route : /api/vacations/12
----------------------------------------------------------------------------------------------------
Mon, 29 Jan 2024 10:58:36 GMT

Method : GET
Route : /api/vacations/549b77ed-ab80-49a2-884b-dd8abfa6afe8.jpeg
----------------------------------------------------------------------------------------------------
Mon, 29 Jan 2024 10:58:36 GMT

Method : GET
Route : /api/vacations/63280714-271a-4668-895c-e42fe12daefc.jpeg
----------------------------------------------------------------------------------------------------
Mon, 29 Jan 2024 10:58:36 GMT

Method : GET
Route : /api/vacations/70a28eb7-8cd4-4808-87c1-e124e6efa652.jpeg
----------------------------------------------------------------------------------------------------
Mon, 29 Jan 2024 13:02:59 GMT

Method : POST
Route : /api/login/
----------------------------------------------------------------------------------------------------
Mon, 29 Jan 2024 13:03:05 GMT

Method : POST
Route : /api/login/
----------------------------------------------------------------------------------------------------
Mon, 29 Jan 2024 13:03:05 GMT

Method : GET
Route : /api/vacations/12
----------------------------------------------------------------------------------------------------
Thu, 01 Feb 2024 06:51:04 GMT

Method : POST
Route : /api/login/
----------------------------------------------------------------------------------------------------
Thu, 01 Feb 2024 06:51:04 GMT

Method : GET
Route : /api/vacations/10
----------------------------------------------------------------------------------------------------
Thu, 01 Feb 2024 06:51:04 GMT

Method : GET
Route : /api/vacations/63280714-271a-4668-895c-e42fe12daefc.jpeg
----------------------------------------------------------------------------------------------------
Thu, 01 Feb 2024 06:51:04 GMT

Method : GET
Route : /api/vacations/549b77ed-ab80-49a2-884b-dd8abfa6afe8.jpeg
----------------------------------------------------------------------------------------------------
Thu, 01 Feb 2024 06:51:04 GMT

Method : GET
Route : /api/vacations/70a28eb7-8cd4-4808-87c1-e124e6efa652.jpeg
----------------------------------------------------------------------------------------------------
Thu, 01 Feb 2024 06:59:20 GMT

Method : GET
Route : /api/vacations/549b77ed-ab80-49a2-884b-dd8abfa6afe8.jpeg
----------------------------------------------------------------------------------------------------
Thu, 01 Feb 2024 06:59:21 GMT

Method : GET
Route : /api/vacations/70a28eb7-8cd4-4808-87c1-e124e6efa652.jpeg
----------------------------------------------------------------------------------------------------
Thu, 01 Feb 2024 06:59:21 GMT

Method : GET
Route : /api/vacations/63280714-271a-4668-895c-e42fe12daefc.jpeg
----------------------------------------------------------------------------------------------------
Thu, 01 Feb 2024 06:59:33 GMT

Method : GET
Route : /api/vacations/10
----------------------------------------------------------------------------------------------------
Thu, 01 Feb 2024 07:02:44 GMT

Method : GET
Route : /api/vacations/10
----------------------------------------------------------------------------------------------------
Thu, 01 Feb 2024 07:02:55 GMT

Method : GET
Route : /api/vacations/10
----------------------------------------------------------------------------------------------------
Thu, 01 Feb 2024 07:02:55 GMT

Method : GET
Route : /api/vacations/549b77ed-ab80-49a2-884b-dd8abfa6afe8.jpeg
----------------------------------------------------------------------------------------------------
Thu, 01 Feb 2024 07:02:55 GMT

Method : GET
Route : /api/vacations/63280714-271a-4668-895c-e42fe12daefc.jpeg
----------------------------------------------------------------------------------------------------
Thu, 01 Feb 2024 07:02:55 GMT

Method : GET
Route : /api/vacations/70a28eb7-8cd4-4808-87c1-e124e6efa652.jpeg
----------------------------------------------------------------------------------------------------
Thu, 01 Feb 2024 07:02:57 GMT

Method : GET
Route : /api/vacations/3690dac9-478c-408f-af03-12983f321969.jpeg
----------------------------------------------------------------------------------------------------
Thu, 01 Feb 2024 07:02:57 GMT

Method : GET
Route : /api/vacations/75175feb-03b1-439b-9f2a-7ee0fb6343ed.jpeg
----------------------------------------------------------------------------------------------------
Thu, 01 Feb 2024 07:02:57 GMT

Method : GET
Route : /api/vacations/b6b24478-5d31-4131-be42-2c53a5390340.jpeg
----------------------------------------------------------------------------------------------------
Thu, 01 Feb 2024 07:02:58 GMT

Method : GET
Route : /api/vacations/b13f83f8-036b-4b87-afa9-b9dbc3d40999.webp
----------------------------------------------------------------------------------------------------
Thu, 01 Feb 2024 07:02:58 GMT

Method : GET
Route : /api/vacations/534a6f99-7434-4320-9a99-1a56d07486ea.jpeg
----------------------------------------------------------------------------------------------------
Thu, 01 Feb 2024 07:02:58 GMT

Method : GET
Route : /api/vacations/06feab45-c08e-45e7-84d4-ee71b3b7c6a0.jpeg
----------------------------------------------------------------------------------------------------
Tue, 06 Feb 2024 11:43:01 GMT

Method : POST
Route : /api/login/
----------------------------------------------------------------------------------------------------
Tue, 06 Feb 2024 11:43:02 GMT

Method : GET
Route : /api/vacations/5
----------------------------------------------------------------------------------------------------
Tue, 06 Feb 2024 11:44:00 GMT

Method : GET
Route : /api/vacations/5
----------------------------------------------------------------------------------------------------
Tue, 06 Feb 2024 11:45:15 GMT

Method : POST
Route : /api/login/
----------------------------------------------------------------------------------------------------
Tue, 06 Feb 2024 11:45:15 GMT

Method : GET
Route : /api/vacations/5
----------------------------------------------------------------------------------------------------
Tue, 06 Feb 2024 11:46:00 GMT

Method : GET
Route : /api/vacations/5
----------------------------------------------------------------------------------------------------
Tue, 06 Feb 2024 11:46:10 GMT

Method : POST
Route : /api/login/
----------------------------------------------------------------------------------------------------
Tue, 06 Feb 2024 11:46:11 GMT

Method : GET
Route : /api/vacations/10
----------------------------------------------------------------------------------------------------
Tue, 06 Feb 2024 11:47:46 GMT

Method : GET
Route : /api/vacations/10
----------------------------------------------------------------------------------------------------
Tue, 06 Feb 2024 11:47:46 GMT

Method : GET
Route : /api/vacations/549b77ed-ab80-49a2-884b-dd8abfa6afe8.jpeg
----------------------------------------------------------------------------------------------------
Tue, 06 Feb 2024 11:47:46 GMT

Method : GET
Route : /api/vacations/63280714-271a-4668-895c-e42fe12daefc.jpeg
----------------------------------------------------------------------------------------------------
Tue, 06 Feb 2024 11:47:46 GMT

Method : GET
Route : /api/vacations/70a28eb7-8cd4-4808-87c1-e124e6efa652.jpeg
----------------------------------------------------------------------------------------------------
Tue, 06 Feb 2024 11:49:34 GMT

Method : GET
Route : /api/vacations/549b77ed-ab80-49a2-884b-dd8abfa6afe8.jpeg
----------------------------------------------------------------------------------------------------
Tue, 06 Feb 2024 11:49:34 GMT

Method : GET
Route : /api/vacations/70a28eb7-8cd4-4808-87c1-e124e6efa652.jpeg
----------------------------------------------------------------------------------------------------
Tue, 06 Feb 2024 11:49:34 GMT

Method : GET
Route : /api/vacations/63280714-271a-4668-895c-e42fe12daefc.jpeg
----------------------------------------------------------------------------------------------------
